ARM GAS  C:\Users\Abhinav\AppData\Local\Temp\ccB9l9kI.s 			page 1


   1              		.cpu cortex-m3
   2              		.arch armv7-m
   3              		.fpu softvfp
   4              		.eabi_attribute 20, 1
   5              		.eabi_attribute 21, 1
   6              		.eabi_attribute 23, 3
   7              		.eabi_attribute 24, 1
   8              		.eabi_attribute 25, 1
   9              		.eabi_attribute 26, 1
  10              		.eabi_attribute 30, 1
  11              		.eabi_attribute 34, 1
  12              		.eabi_attribute 18, 4
  13              		.file	"stm32f1xx_hal_msp.c"
  14              		.text
  15              	.Ltext0:
  16              		.cfi_sections	.debug_frame
  17              		.file 1 "Src/stm32f1xx_hal_msp.c"
  18              		.section	.text.HAL_MspInit,"ax",%progbits
  19              		.align	1
  20              		.global	HAL_MspInit
  21              		.syntax unified
  22              		.thumb
  23              		.thumb_func
  25              	HAL_MspInit:
  26              	.LFB65:
   1:Src/stm32f1xx_hal_msp.c **** /* USER CODE BEGIN Header */
   2:Src/stm32f1xx_hal_msp.c **** /**
   3:Src/stm32f1xx_hal_msp.c ****   ******************************************************************************
   4:Src/stm32f1xx_hal_msp.c ****   * @file         stm32f1xx_hal_msp.c
   5:Src/stm32f1xx_hal_msp.c ****   * @brief        This file provides code for the MSP Initialization
   6:Src/stm32f1xx_hal_msp.c ****   *               and de-Initialization codes.
   7:Src/stm32f1xx_hal_msp.c ****   ******************************************************************************
   8:Src/stm32f1xx_hal_msp.c ****   * @attention
   9:Src/stm32f1xx_hal_msp.c ****   *
  10:Src/stm32f1xx_hal_msp.c ****   * Copyright (c) 2023 STMicroelectronics.
  11:Src/stm32f1xx_hal_msp.c ****   * All rights reserved.
  12:Src/stm32f1xx_hal_msp.c ****   *
  13:Src/stm32f1xx_hal_msp.c ****   * This software is licensed under terms that can be found in the LICENSE file
  14:Src/stm32f1xx_hal_msp.c ****   * in the root directory of this software component.
  15:Src/stm32f1xx_hal_msp.c ****   * If no LICENSE file comes with this software, it is provided AS-IS.
  16:Src/stm32f1xx_hal_msp.c ****   *
  17:Src/stm32f1xx_hal_msp.c ****   ******************************************************************************
  18:Src/stm32f1xx_hal_msp.c ****   */
  19:Src/stm32f1xx_hal_msp.c **** /* USER CODE END Header */
  20:Src/stm32f1xx_hal_msp.c **** 
  21:Src/stm32f1xx_hal_msp.c **** /* Includes ------------------------------------------------------------------*/
  22:Src/stm32f1xx_hal_msp.c **** #include "main.h"
  23:Src/stm32f1xx_hal_msp.c **** 
  24:Src/stm32f1xx_hal_msp.c **** /* USER CODE BEGIN Includes */
  25:Src/stm32f1xx_hal_msp.c **** 
  26:Src/stm32f1xx_hal_msp.c **** /* USER CODE END Includes */
  27:Src/stm32f1xx_hal_msp.c **** 
  28:Src/stm32f1xx_hal_msp.c **** /* Private typedef -----------------------------------------------------------*/
  29:Src/stm32f1xx_hal_msp.c **** /* USER CODE BEGIN TD */
  30:Src/stm32f1xx_hal_msp.c **** 
  31:Src/stm32f1xx_hal_msp.c **** /* USER CODE END TD */
  32:Src/stm32f1xx_hal_msp.c **** 
ARM GAS  C:\Users\Abhinav\AppData\Local\Temp\ccB9l9kI.s 			page 2


  33:Src/stm32f1xx_hal_msp.c **** /* Private define ------------------------------------------------------------*/
  34:Src/stm32f1xx_hal_msp.c **** /* USER CODE BEGIN Define */
  35:Src/stm32f1xx_hal_msp.c **** 
  36:Src/stm32f1xx_hal_msp.c **** /* USER CODE END Define */
  37:Src/stm32f1xx_hal_msp.c **** 
  38:Src/stm32f1xx_hal_msp.c **** /* Private macro -------------------------------------------------------------*/
  39:Src/stm32f1xx_hal_msp.c **** /* USER CODE BEGIN Macro */
  40:Src/stm32f1xx_hal_msp.c **** 
  41:Src/stm32f1xx_hal_msp.c **** /* USER CODE END Macro */
  42:Src/stm32f1xx_hal_msp.c **** 
  43:Src/stm32f1xx_hal_msp.c **** /* Private variables ---------------------------------------------------------*/
  44:Src/stm32f1xx_hal_msp.c **** /* USER CODE BEGIN PV */
  45:Src/stm32f1xx_hal_msp.c **** 
  46:Src/stm32f1xx_hal_msp.c **** /* USER CODE END PV */
  47:Src/stm32f1xx_hal_msp.c **** 
  48:Src/stm32f1xx_hal_msp.c **** /* Private function prototypes -----------------------------------------------*/
  49:Src/stm32f1xx_hal_msp.c **** /* USER CODE BEGIN PFP */
  50:Src/stm32f1xx_hal_msp.c **** 
  51:Src/stm32f1xx_hal_msp.c **** /* USER CODE END PFP */
  52:Src/stm32f1xx_hal_msp.c **** 
  53:Src/stm32f1xx_hal_msp.c **** /* External functions --------------------------------------------------------*/
  54:Src/stm32f1xx_hal_msp.c **** /* USER CODE BEGIN ExternalFunctions */
  55:Src/stm32f1xx_hal_msp.c **** 
  56:Src/stm32f1xx_hal_msp.c **** /* USER CODE END ExternalFunctions */
  57:Src/stm32f1xx_hal_msp.c **** 
  58:Src/stm32f1xx_hal_msp.c **** /* USER CODE BEGIN 0 */
  59:Src/stm32f1xx_hal_msp.c **** 
  60:Src/stm32f1xx_hal_msp.c **** /* USER CODE END 0 */
  61:Src/stm32f1xx_hal_msp.c **** /**
  62:Src/stm32f1xx_hal_msp.c ****   * Initializes the Global MSP.
  63:Src/stm32f1xx_hal_msp.c ****   */
  64:Src/stm32f1xx_hal_msp.c **** void HAL_MspInit(void)
  65:Src/stm32f1xx_hal_msp.c **** {
  27              		.loc 1 65 1 view -0
  28              		.cfi_startproc
  29              		@ args = 0, pretend = 0, frame = 8
  30              		@ frame_needed = 0, uses_anonymous_args = 0
  31 0000 00B5     		push	{lr}
  32              		.cfi_def_cfa_offset 4
  33              		.cfi_offset 14, -4
  34 0002 83B0     		sub	sp, sp, #12
  35              		.cfi_def_cfa_offset 16
  66:Src/stm32f1xx_hal_msp.c ****   /* USER CODE BEGIN MspInit 0 */
  67:Src/stm32f1xx_hal_msp.c **** 
  68:Src/stm32f1xx_hal_msp.c ****   /* USER CODE END MspInit 0 */
  69:Src/stm32f1xx_hal_msp.c **** 
  70:Src/stm32f1xx_hal_msp.c ****   __HAL_RCC_AFIO_CLK_ENABLE();
  36              		.loc 1 70 3 view .LVU1
  37              	.LBB2:
  38              		.loc 1 70 3 view .LVU2
  39              		.loc 1 70 3 view .LVU3
  40 0004 114B     		ldr	r3, .L3
  41 0006 9A69     		ldr	r2, [r3, #24]
  42 0008 42F00102 		orr	r2, r2, #1
  43 000c 9A61     		str	r2, [r3, #24]
  44              		.loc 1 70 3 view .LVU4
  45 000e 9A69     		ldr	r2, [r3, #24]
ARM GAS  C:\Users\Abhinav\AppData\Local\Temp\ccB9l9kI.s 			page 3


  46 0010 02F00102 		and	r2, r2, #1
  47 0014 0092     		str	r2, [sp]
  48              		.loc 1 70 3 view .LVU5
  49 0016 009A     		ldr	r2, [sp]
  50              	.LBE2:
  51              		.loc 1 70 3 view .LVU6
  71:Src/stm32f1xx_hal_msp.c ****   __HAL_RCC_PWR_CLK_ENABLE();
  52              		.loc 1 71 3 view .LVU7
  53              	.LBB3:
  54              		.loc 1 71 3 view .LVU8
  55              		.loc 1 71 3 view .LVU9
  56 0018 DA69     		ldr	r2, [r3, #28]
  57 001a 42F08052 		orr	r2, r2, #268435456
  58 001e DA61     		str	r2, [r3, #28]
  59              		.loc 1 71 3 view .LVU10
  60 0020 DB69     		ldr	r3, [r3, #28]
  61 0022 03F08053 		and	r3, r3, #268435456
  62 0026 0193     		str	r3, [sp, #4]
  63              		.loc 1 71 3 view .LVU11
  64 0028 019B     		ldr	r3, [sp, #4]
  65              	.LBE3:
  66              		.loc 1 71 3 view .LVU12
  72:Src/stm32f1xx_hal_msp.c **** 
  73:Src/stm32f1xx_hal_msp.c ****   /* System interrupt init*/
  74:Src/stm32f1xx_hal_msp.c ****   /* PendSV_IRQn interrupt configuration */
  75:Src/stm32f1xx_hal_msp.c ****   HAL_NVIC_SetPriority(PendSV_IRQn, 15, 0);
  67              		.loc 1 75 3 view .LVU13
  68 002a 0022     		movs	r2, #0
  69 002c 0F21     		movs	r1, #15
  70 002e 6FF00100 		mvn	r0, #1
  71 0032 FFF7FEFF 		bl	HAL_NVIC_SetPriority
  72              	.LVL0:
  76:Src/stm32f1xx_hal_msp.c **** 
  77:Src/stm32f1xx_hal_msp.c ****   /** NOJTAG: JTAG-DP Disabled and SW-DP Enabled
  78:Src/stm32f1xx_hal_msp.c ****   */
  79:Src/stm32f1xx_hal_msp.c ****   __HAL_AFIO_REMAP_SWJ_NOJTAG();
  73              		.loc 1 79 3 view .LVU14
  74              	.LBB4:
  75              		.loc 1 79 3 view .LVU15
  76 0036 064A     		ldr	r2, .L3+4
  77 0038 5368     		ldr	r3, [r2, #4]
  78              	.LVL1:
  79              		.loc 1 79 3 view .LVU16
  80 003a 23F0E063 		bic	r3, r3, #117440512
  81              	.LVL2:
  82              		.loc 1 79 3 view .LVU17
  83 003e 43F00073 		orr	r3, r3, #33554432
  84              	.LVL3:
  85              		.loc 1 79 3 view .LVU18
  86 0042 5360     		str	r3, [r2, #4]
  87              	.LBE4:
  88              		.loc 1 79 3 view .LVU19
  80:Src/stm32f1xx_hal_msp.c **** 
  81:Src/stm32f1xx_hal_msp.c ****   /* USER CODE BEGIN MspInit 1 */
  82:Src/stm32f1xx_hal_msp.c **** 
  83:Src/stm32f1xx_hal_msp.c ****   /* USER CODE END MspInit 1 */
  84:Src/stm32f1xx_hal_msp.c **** }
ARM GAS  C:\Users\Abhinav\AppData\Local\Temp\ccB9l9kI.s 			page 4


  89              		.loc 1 84 1 is_stmt 0 view .LVU20
  90 0044 03B0     		add	sp, sp, #12
  91              		.cfi_def_cfa_offset 4
  92              		@ sp needed
  93 0046 5DF804FB 		ldr	pc, [sp], #4
  94              	.L4:
  95 004a 00BF     		.align	2
  96              	.L3:
  97 004c 00100240 		.word	1073876992
  98 0050 00000140 		.word	1073807360
  99              		.cfi_endproc
 100              	.LFE65:
 102              		.section	.text.HAL_SPI_MspInit,"ax",%progbits
 103              		.align	1
 104              		.global	HAL_SPI_MspInit
 105              		.syntax unified
 106              		.thumb
 107              		.thumb_func
 109              	HAL_SPI_MspInit:
 110              	.LVL4:
 111              	.LFB66:
  85:Src/stm32f1xx_hal_msp.c **** 
  86:Src/stm32f1xx_hal_msp.c **** /**
  87:Src/stm32f1xx_hal_msp.c **** * @brief SPI MSP Initialization
  88:Src/stm32f1xx_hal_msp.c **** * This function configures the hardware resources used in this example
  89:Src/stm32f1xx_hal_msp.c **** * @param hspi: SPI handle pointer
  90:Src/stm32f1xx_hal_msp.c **** * @retval None
  91:Src/stm32f1xx_hal_msp.c **** */
  92:Src/stm32f1xx_hal_msp.c **** void HAL_SPI_MspInit(SPI_HandleTypeDef* hspi)
  93:Src/stm32f1xx_hal_msp.c **** {
 112              		.loc 1 93 1 is_stmt 1 view -0
 113              		.cfi_startproc
 114              		@ args = 0, pretend = 0, frame = 24
 115              		@ frame_needed = 0, uses_anonymous_args = 0
 116              		.loc 1 93 1 is_stmt 0 view .LVU22
 117 0000 10B5     		push	{r4, lr}
 118              		.cfi_def_cfa_offset 8
 119              		.cfi_offset 4, -8
 120              		.cfi_offset 14, -4
 121 0002 86B0     		sub	sp, sp, #24
 122              		.cfi_def_cfa_offset 32
  94:Src/stm32f1xx_hal_msp.c ****   GPIO_InitTypeDef GPIO_InitStruct = {0};
 123              		.loc 1 94 3 is_stmt 1 view .LVU23
 124              		.loc 1 94 20 is_stmt 0 view .LVU24
 125 0004 0023     		movs	r3, #0
 126 0006 0293     		str	r3, [sp, #8]
 127 0008 0393     		str	r3, [sp, #12]
 128 000a 0493     		str	r3, [sp, #16]
 129 000c 0593     		str	r3, [sp, #20]
  95:Src/stm32f1xx_hal_msp.c ****   if(hspi->Instance==SPI1)
 130              		.loc 1 95 3 is_stmt 1 view .LVU25
 131              		.loc 1 95 10 is_stmt 0 view .LVU26
 132 000e 0268     		ldr	r2, [r0]
 133              		.loc 1 95 5 view .LVU27
 134 0010 164B     		ldr	r3, .L9
 135 0012 9A42     		cmp	r2, r3
 136 0014 01D0     		beq	.L8
ARM GAS  C:\Users\Abhinav\AppData\Local\Temp\ccB9l9kI.s 			page 5


 137              	.LVL5:
 138              	.L5:
  96:Src/stm32f1xx_hal_msp.c ****   {
  97:Src/stm32f1xx_hal_msp.c ****   /* USER CODE BEGIN SPI1_MspInit 0 */
  98:Src/stm32f1xx_hal_msp.c **** 
  99:Src/stm32f1xx_hal_msp.c ****   /* USER CODE END SPI1_MspInit 0 */
 100:Src/stm32f1xx_hal_msp.c ****     /* Peripheral clock enable */
 101:Src/stm32f1xx_hal_msp.c ****     __HAL_RCC_SPI1_CLK_ENABLE();
 102:Src/stm32f1xx_hal_msp.c **** 
 103:Src/stm32f1xx_hal_msp.c ****     __HAL_RCC_GPIOA_CLK_ENABLE();
 104:Src/stm32f1xx_hal_msp.c ****     /**SPI1 GPIO Configuration
 105:Src/stm32f1xx_hal_msp.c ****     PA5     ------> SPI1_SCK
 106:Src/stm32f1xx_hal_msp.c ****     PA6     ------> SPI1_MISO
 107:Src/stm32f1xx_hal_msp.c ****     PA7     ------> SPI1_MOSI
 108:Src/stm32f1xx_hal_msp.c ****     */
 109:Src/stm32f1xx_hal_msp.c ****     GPIO_InitStruct.Pin = GPIO_PIN_5|GPIO_PIN_7;
 110:Src/stm32f1xx_hal_msp.c ****     GPIO_InitStruct.Mode = GPIO_MODE_AF_PP;
 111:Src/stm32f1xx_hal_msp.c ****     GPIO_InitStruct.Speed = GPIO_SPEED_FREQ_HIGH;
 112:Src/stm32f1xx_hal_msp.c ****     HAL_GPIO_Init(GPIOA, &GPIO_InitStruct);
 113:Src/stm32f1xx_hal_msp.c **** 
 114:Src/stm32f1xx_hal_msp.c ****     GPIO_InitStruct.Pin = GPIO_PIN_6;
 115:Src/stm32f1xx_hal_msp.c ****     GPIO_InitStruct.Mode = GPIO_MODE_INPUT;
 116:Src/stm32f1xx_hal_msp.c ****     GPIO_InitStruct.Pull = GPIO_NOPULL;
 117:Src/stm32f1xx_hal_msp.c ****     HAL_GPIO_Init(GPIOA, &GPIO_InitStruct);
 118:Src/stm32f1xx_hal_msp.c **** 
 119:Src/stm32f1xx_hal_msp.c ****   /* USER CODE BEGIN SPI1_MspInit 1 */
 120:Src/stm32f1xx_hal_msp.c **** 
 121:Src/stm32f1xx_hal_msp.c ****   /* USER CODE END SPI1_MspInit 1 */
 122:Src/stm32f1xx_hal_msp.c ****   }
 123:Src/stm32f1xx_hal_msp.c **** 
 124:Src/stm32f1xx_hal_msp.c **** }
 139              		.loc 1 124 1 view .LVU28
 140 0016 06B0     		add	sp, sp, #24
 141              		.cfi_remember_state
 142              		.cfi_def_cfa_offset 8
 143              		@ sp needed
 144 0018 10BD     		pop	{r4, pc}
 145              	.LVL6:
 146              	.L8:
 147              		.cfi_restore_state
 101:Src/stm32f1xx_hal_msp.c **** 
 148              		.loc 1 101 5 is_stmt 1 view .LVU29
 149              	.LBB5:
 101:Src/stm32f1xx_hal_msp.c **** 
 150              		.loc 1 101 5 view .LVU30
 101:Src/stm32f1xx_hal_msp.c **** 
 151              		.loc 1 101 5 view .LVU31
 152 001a 03F56043 		add	r3, r3, #57344
 153 001e 9A69     		ldr	r2, [r3, #24]
 154 0020 42F48052 		orr	r2, r2, #4096
 155 0024 9A61     		str	r2, [r3, #24]
 101:Src/stm32f1xx_hal_msp.c **** 
 156              		.loc 1 101 5 view .LVU32
 157 0026 9A69     		ldr	r2, [r3, #24]
 158 0028 02F48052 		and	r2, r2, #4096
 159 002c 0092     		str	r2, [sp]
 101:Src/stm32f1xx_hal_msp.c **** 
ARM GAS  C:\Users\Abhinav\AppData\Local\Temp\ccB9l9kI.s 			page 6


 160              		.loc 1 101 5 view .LVU33
 161 002e 009A     		ldr	r2, [sp]
 162              	.LBE5:
 101:Src/stm32f1xx_hal_msp.c **** 
 163              		.loc 1 101 5 view .LVU34
 103:Src/stm32f1xx_hal_msp.c ****     /**SPI1 GPIO Configuration
 164              		.loc 1 103 5 view .LVU35
 165              	.LBB6:
 103:Src/stm32f1xx_hal_msp.c ****     /**SPI1 GPIO Configuration
 166              		.loc 1 103 5 view .LVU36
 103:Src/stm32f1xx_hal_msp.c ****     /**SPI1 GPIO Configuration
 167              		.loc 1 103 5 view .LVU37
 168 0030 9A69     		ldr	r2, [r3, #24]
 169 0032 42F00402 		orr	r2, r2, #4
 170 0036 9A61     		str	r2, [r3, #24]
 103:Src/stm32f1xx_hal_msp.c ****     /**SPI1 GPIO Configuration
 171              		.loc 1 103 5 view .LVU38
 172 0038 9B69     		ldr	r3, [r3, #24]
 173 003a 03F00403 		and	r3, r3, #4
 174 003e 0193     		str	r3, [sp, #4]
 103:Src/stm32f1xx_hal_msp.c ****     /**SPI1 GPIO Configuration
 175              		.loc 1 103 5 view .LVU39
 176 0040 019B     		ldr	r3, [sp, #4]
 177              	.LBE6:
 103:Src/stm32f1xx_hal_msp.c ****     /**SPI1 GPIO Configuration
 178              		.loc 1 103 5 view .LVU40
 109:Src/stm32f1xx_hal_msp.c ****     GPIO_InitStruct.Mode = GPIO_MODE_AF_PP;
 179              		.loc 1 109 5 view .LVU41
 109:Src/stm32f1xx_hal_msp.c ****     GPIO_InitStruct.Mode = GPIO_MODE_AF_PP;
 180              		.loc 1 109 25 is_stmt 0 view .LVU42
 181 0042 A023     		movs	r3, #160
 182 0044 0293     		str	r3, [sp, #8]
 110:Src/stm32f1xx_hal_msp.c ****     GPIO_InitStruct.Speed = GPIO_SPEED_FREQ_HIGH;
 183              		.loc 1 110 5 is_stmt 1 view .LVU43
 110:Src/stm32f1xx_hal_msp.c ****     GPIO_InitStruct.Speed = GPIO_SPEED_FREQ_HIGH;
 184              		.loc 1 110 26 is_stmt 0 view .LVU44
 185 0046 0223     		movs	r3, #2
 186 0048 0393     		str	r3, [sp, #12]
 111:Src/stm32f1xx_hal_msp.c ****     HAL_GPIO_Init(GPIOA, &GPIO_InitStruct);
 187              		.loc 1 111 5 is_stmt 1 view .LVU45
 111:Src/stm32f1xx_hal_msp.c ****     HAL_GPIO_Init(GPIOA, &GPIO_InitStruct);
 188              		.loc 1 111 27 is_stmt 0 view .LVU46
 189 004a 0323     		movs	r3, #3
 190 004c 0593     		str	r3, [sp, #20]
 112:Src/stm32f1xx_hal_msp.c **** 
 191              		.loc 1 112 5 is_stmt 1 view .LVU47
 192 004e 084C     		ldr	r4, .L9+4
 193 0050 02A9     		add	r1, sp, #8
 194 0052 2046     		mov	r0, r4
 195              	.LVL7:
 112:Src/stm32f1xx_hal_msp.c **** 
 196              		.loc 1 112 5 is_stmt 0 view .LVU48
 197 0054 FFF7FEFF 		bl	HAL_GPIO_Init
 198              	.LVL8:
 114:Src/stm32f1xx_hal_msp.c ****     GPIO_InitStruct.Mode = GPIO_MODE_INPUT;
 199              		.loc 1 114 5 is_stmt 1 view .LVU49
 114:Src/stm32f1xx_hal_msp.c ****     GPIO_InitStruct.Mode = GPIO_MODE_INPUT;
ARM GAS  C:\Users\Abhinav\AppData\Local\Temp\ccB9l9kI.s 			page 7


 200              		.loc 1 114 25 is_stmt 0 view .LVU50
 201 0058 4023     		movs	r3, #64
 202 005a 0293     		str	r3, [sp, #8]
 115:Src/stm32f1xx_hal_msp.c ****     GPIO_InitStruct.Pull = GPIO_NOPULL;
 203              		.loc 1 115 5 is_stmt 1 view .LVU51
 115:Src/stm32f1xx_hal_msp.c ****     GPIO_InitStruct.Pull = GPIO_NOPULL;
 204              		.loc 1 115 26 is_stmt 0 view .LVU52
 205 005c 0023     		movs	r3, #0
 206 005e 0393     		str	r3, [sp, #12]
 116:Src/stm32f1xx_hal_msp.c ****     HAL_GPIO_Init(GPIOA, &GPIO_InitStruct);
 207              		.loc 1 116 5 is_stmt 1 view .LVU53
 116:Src/stm32f1xx_hal_msp.c ****     HAL_GPIO_Init(GPIOA, &GPIO_InitStruct);
 208              		.loc 1 116 26 is_stmt 0 view .LVU54
 209 0060 0493     		str	r3, [sp, #16]
 117:Src/stm32f1xx_hal_msp.c **** 
 210              		.loc 1 117 5 is_stmt 1 view .LVU55
 211 0062 02A9     		add	r1, sp, #8
 212 0064 2046     		mov	r0, r4
 213 0066 FFF7FEFF 		bl	HAL_GPIO_Init
 214              	.LVL9:
 215              		.loc 1 124 1 is_stmt 0 view .LVU56
 216 006a D4E7     		b	.L5
 217              	.L10:
 218              		.align	2
 219              	.L9:
 220 006c 00300140 		.word	1073819648
 221 0070 00080140 		.word	1073809408
 222              		.cfi_endproc
 223              	.LFE66:
 225              		.section	.text.HAL_SPI_MspDeInit,"ax",%progbits
 226              		.align	1
 227              		.global	HAL_SPI_MspDeInit
 228              		.syntax unified
 229              		.thumb
 230              		.thumb_func
 232              	HAL_SPI_MspDeInit:
 233              	.LVL10:
 234              	.LFB67:
 125:Src/stm32f1xx_hal_msp.c **** 
 126:Src/stm32f1xx_hal_msp.c **** /**
 127:Src/stm32f1xx_hal_msp.c **** * @brief SPI MSP De-Initialization
 128:Src/stm32f1xx_hal_msp.c **** * This function freeze the hardware resources used in this example
 129:Src/stm32f1xx_hal_msp.c **** * @param hspi: SPI handle pointer
 130:Src/stm32f1xx_hal_msp.c **** * @retval None
 131:Src/stm32f1xx_hal_msp.c **** */
 132:Src/stm32f1xx_hal_msp.c **** void HAL_SPI_MspDeInit(SPI_HandleTypeDef* hspi)
 133:Src/stm32f1xx_hal_msp.c **** {
 235              		.loc 1 133 1 is_stmt 1 view -0
 236              		.cfi_startproc
 237              		@ args = 0, pretend = 0, frame = 0
 238              		@ frame_needed = 0, uses_anonymous_args = 0
 239              		.loc 1 133 1 is_stmt 0 view .LVU58
 240 0000 08B5     		push	{r3, lr}
 241              		.cfi_def_cfa_offset 8
 242              		.cfi_offset 3, -8
 243              		.cfi_offset 14, -4
 134:Src/stm32f1xx_hal_msp.c ****   if(hspi->Instance==SPI1)
ARM GAS  C:\Users\Abhinav\AppData\Local\Temp\ccB9l9kI.s 			page 8


 244              		.loc 1 134 3 is_stmt 1 view .LVU59
 245              		.loc 1 134 10 is_stmt 0 view .LVU60
 246 0002 0268     		ldr	r2, [r0]
 247              		.loc 1 134 5 view .LVU61
 248 0004 064B     		ldr	r3, .L15
 249 0006 9A42     		cmp	r2, r3
 250 0008 00D0     		beq	.L14
 251              	.LVL11:
 252              	.L11:
 135:Src/stm32f1xx_hal_msp.c ****   {
 136:Src/stm32f1xx_hal_msp.c ****   /* USER CODE BEGIN SPI1_MspDeInit 0 */
 137:Src/stm32f1xx_hal_msp.c **** 
 138:Src/stm32f1xx_hal_msp.c ****   /* USER CODE END SPI1_MspDeInit 0 */
 139:Src/stm32f1xx_hal_msp.c ****     /* Peripheral clock disable */
 140:Src/stm32f1xx_hal_msp.c ****     __HAL_RCC_SPI1_CLK_DISABLE();
 141:Src/stm32f1xx_hal_msp.c **** 
 142:Src/stm32f1xx_hal_msp.c ****     /**SPI1 GPIO Configuration
 143:Src/stm32f1xx_hal_msp.c ****     PA5     ------> SPI1_SCK
 144:Src/stm32f1xx_hal_msp.c ****     PA6     ------> SPI1_MISO
 145:Src/stm32f1xx_hal_msp.c ****     PA7     ------> SPI1_MOSI
 146:Src/stm32f1xx_hal_msp.c ****     */
 147:Src/stm32f1xx_hal_msp.c ****     HAL_GPIO_DeInit(GPIOA, GPIO_PIN_5|GPIO_PIN_6|GPIO_PIN_7);
 148:Src/stm32f1xx_hal_msp.c **** 
 149:Src/stm32f1xx_hal_msp.c ****   /* USER CODE BEGIN SPI1_MspDeInit 1 */
 150:Src/stm32f1xx_hal_msp.c **** 
 151:Src/stm32f1xx_hal_msp.c ****   /* USER CODE END SPI1_MspDeInit 1 */
 152:Src/stm32f1xx_hal_msp.c ****   }
 153:Src/stm32f1xx_hal_msp.c **** 
 154:Src/stm32f1xx_hal_msp.c **** }
 253              		.loc 1 154 1 view .LVU62
 254 000a 08BD     		pop	{r3, pc}
 255              	.LVL12:
 256              	.L14:
 140:Src/stm32f1xx_hal_msp.c **** 
 257              		.loc 1 140 5 is_stmt 1 view .LVU63
 258 000c 054A     		ldr	r2, .L15+4
 259 000e 9369     		ldr	r3, [r2, #24]
 260 0010 23F48053 		bic	r3, r3, #4096
 261 0014 9361     		str	r3, [r2, #24]
 147:Src/stm32f1xx_hal_msp.c **** 
 262              		.loc 1 147 5 view .LVU64
 263 0016 E021     		movs	r1, #224
 264 0018 0348     		ldr	r0, .L15+8
 265              	.LVL13:
 147:Src/stm32f1xx_hal_msp.c **** 
 266              		.loc 1 147 5 is_stmt 0 view .LVU65
 267 001a FFF7FEFF 		bl	HAL_GPIO_DeInit
 268              	.LVL14:
 269              		.loc 1 154 1 view .LVU66
 270 001e F4E7     		b	.L11
 271              	.L16:
 272              		.align	2
 273              	.L15:
 274 0020 00300140 		.word	1073819648
 275 0024 00100240 		.word	1073876992
 276 0028 00080140 		.word	1073809408
 277              		.cfi_endproc
ARM GAS  C:\Users\Abhinav\AppData\Local\Temp\ccB9l9kI.s 			page 9


 278              	.LFE67:
 280              		.text
 281              	.Letext0:
 282              		.file 2 "Drivers/CMSIS/Device/ST/STM32F1xx/Include/stm32f103xb.h"
 283              		.file 3 "c:\\users\\abhinav\\appdata\\roaming\\code\\user\\globalstorage\\bmd.stm32-for-vscode\\@x
 284              		.file 4 "c:\\users\\abhinav\\appdata\\roaming\\code\\user\\globalstorage\\bmd.stm32-for-vscode\\@x
 285              		.file 5 "Drivers/STM32F1xx_HAL_Driver/Inc/stm32f1xx_hal_def.h"
 286              		.file 6 "Drivers/STM32F1xx_HAL_Driver/Inc/stm32f1xx_hal_gpio.h"
 287              		.file 7 "Drivers/STM32F1xx_HAL_Driver/Inc/stm32f1xx_hal_dma.h"
 288              		.file 8 "Drivers/STM32F1xx_HAL_Driver/Inc/stm32f1xx_hal_spi.h"
 289              		.file 9 "Drivers/STM32F1xx_HAL_Driver/Inc/stm32f1xx_hal_cortex.h"
ARM GAS  C:\Users\Abhinav\AppData\Local\Temp\ccB9l9kI.s 			page 10


DEFINED SYMBOLS
                            *ABS*:00000000 stm32f1xx_hal_msp.c
C:\Users\Abhinav\AppData\Local\Temp\ccB9l9kI.s:19     .text.HAL_MspInit:00000000 $t
C:\Users\Abhinav\AppData\Local\Temp\ccB9l9kI.s:25     .text.HAL_MspInit:00000000 HAL_MspInit
C:\Users\Abhinav\AppData\Local\Temp\ccB9l9kI.s:97     .text.HAL_MspInit:0000004c $d
C:\Users\Abhinav\AppData\Local\Temp\ccB9l9kI.s:103    .text.HAL_SPI_MspInit:00000000 $t
C:\Users\Abhinav\AppData\Local\Temp\ccB9l9kI.s:109    .text.HAL_SPI_MspInit:00000000 HAL_SPI_MspInit
C:\Users\Abhinav\AppData\Local\Temp\ccB9l9kI.s:220    .text.HAL_SPI_MspInit:0000006c $d
C:\Users\Abhinav\AppData\Local\Temp\ccB9l9kI.s:226    .text.HAL_SPI_MspDeInit:00000000 $t
C:\Users\Abhinav\AppData\Local\Temp\ccB9l9kI.s:232    .text.HAL_SPI_MspDeInit:00000000 HAL_SPI_MspDeInit
C:\Users\Abhinav\AppData\Local\Temp\ccB9l9kI.s:274    .text.HAL_SPI_MspDeInit:00000020 $d

UNDEFINED SYMBOLS
HAL_NVIC_SetPriority
HAL_GPIO_Init
HAL_GPIO_DeInit
