ARM GAS  C:\Users\Abhinav\AppData\Local\Temp\ccjoA5zR.s 			page 1


   1              		.cpu cortex-m3
   2              		.arch armv7-m
   3              		.fpu softvfp
   4              		.eabi_attribute 20, 1
   5              		.eabi_attribute 21, 1
   6              		.eabi_attribute 23, 3
   7              		.eabi_attribute 24, 1
   8              		.eabi_attribute 25, 1
   9              		.eabi_attribute 26, 1
  10              		.eabi_attribute 30, 1
  11              		.eabi_attribute 34, 1
  12              		.eabi_attribute 18, 4
  13              		.file	"stm32f1xx_it.c"
  14              		.text
  15              	.Ltext0:
  16              		.cfi_sections	.debug_frame
  17              		.file 1 "Src/stm32f1xx_it.c"
  18              		.section	.text.NMI_Handler,"ax",%progbits
  19              		.align	1
  20              		.global	NMI_Handler
  21              		.syntax unified
  22              		.thumb
  23              		.thumb_func
  25              	NMI_Handler:
  26              	.LFB69:
   1:Src/stm32f1xx_it.c **** /* USER CODE BEGIN Header */
   2:Src/stm32f1xx_it.c **** /**
   3:Src/stm32f1xx_it.c ****   ******************************************************************************
   4:Src/stm32f1xx_it.c ****   * @file    stm32f1xx_it.c
   5:Src/stm32f1xx_it.c ****   * @brief   Interrupt Service Routines.
   6:Src/stm32f1xx_it.c ****   ******************************************************************************
   7:Src/stm32f1xx_it.c ****   * @attention
   8:Src/stm32f1xx_it.c ****   *
   9:Src/stm32f1xx_it.c ****   * Copyright (c) 2023 STMicroelectronics.
  10:Src/stm32f1xx_it.c ****   * All rights reserved.
  11:Src/stm32f1xx_it.c ****   *
  12:Src/stm32f1xx_it.c ****   * This software is licensed under terms that can be found in the LICENSE file
  13:Src/stm32f1xx_it.c ****   * in the root directory of this software component.
  14:Src/stm32f1xx_it.c ****   * If no LICENSE file comes with this software, it is provided AS-IS.
  15:Src/stm32f1xx_it.c ****   *
  16:Src/stm32f1xx_it.c ****   ******************************************************************************
  17:Src/stm32f1xx_it.c ****   */
  18:Src/stm32f1xx_it.c **** /* USER CODE END Header */
  19:Src/stm32f1xx_it.c **** 
  20:Src/stm32f1xx_it.c **** /* Includes ------------------------------------------------------------------*/
  21:Src/stm32f1xx_it.c **** #include "main.h"
  22:Src/stm32f1xx_it.c **** #include "stm32f1xx_it.h"
  23:Src/stm32f1xx_it.c **** #include "FreeRTOS.h"
  24:Src/stm32f1xx_it.c **** #include "task.h"
  25:Src/stm32f1xx_it.c **** /* Private includes ----------------------------------------------------------*/
  26:Src/stm32f1xx_it.c **** /* USER CODE BEGIN Includes */
  27:Src/stm32f1xx_it.c **** /* USER CODE END Includes */
  28:Src/stm32f1xx_it.c **** 
  29:Src/stm32f1xx_it.c **** /* Private typedef -----------------------------------------------------------*/
  30:Src/stm32f1xx_it.c **** /* USER CODE BEGIN TD */
  31:Src/stm32f1xx_it.c **** 
  32:Src/stm32f1xx_it.c **** /* USER CODE END TD */
ARM GAS  C:\Users\Abhinav\AppData\Local\Temp\ccjoA5zR.s 			page 2


  33:Src/stm32f1xx_it.c **** 
  34:Src/stm32f1xx_it.c **** /* Private define ------------------------------------------------------------*/
  35:Src/stm32f1xx_it.c **** /* USER CODE BEGIN PD */
  36:Src/stm32f1xx_it.c **** 
  37:Src/stm32f1xx_it.c **** /* USER CODE END PD */
  38:Src/stm32f1xx_it.c **** 
  39:Src/stm32f1xx_it.c **** /* Private macro -------------------------------------------------------------*/
  40:Src/stm32f1xx_it.c **** /* USER CODE BEGIN PM */
  41:Src/stm32f1xx_it.c **** 
  42:Src/stm32f1xx_it.c **** /* USER CODE END PM */
  43:Src/stm32f1xx_it.c **** 
  44:Src/stm32f1xx_it.c **** /* Private variables ---------------------------------------------------------*/
  45:Src/stm32f1xx_it.c **** /* USER CODE BEGIN PV */
  46:Src/stm32f1xx_it.c **** 
  47:Src/stm32f1xx_it.c **** /* USER CODE END PV */
  48:Src/stm32f1xx_it.c **** 
  49:Src/stm32f1xx_it.c **** /* Private function prototypes -----------------------------------------------*/
  50:Src/stm32f1xx_it.c **** /* USER CODE BEGIN PFP */
  51:Src/stm32f1xx_it.c **** 
  52:Src/stm32f1xx_it.c **** /* USER CODE END PFP */
  53:Src/stm32f1xx_it.c **** 
  54:Src/stm32f1xx_it.c **** /* Private user code ---------------------------------------------------------*/
  55:Src/stm32f1xx_it.c **** /* USER CODE BEGIN 0 */
  56:Src/stm32f1xx_it.c **** 
  57:Src/stm32f1xx_it.c **** /* USER CODE END 0 */
  58:Src/stm32f1xx_it.c **** 
  59:Src/stm32f1xx_it.c **** /* External variables --------------------------------------------------------*/
  60:Src/stm32f1xx_it.c **** 
  61:Src/stm32f1xx_it.c **** /* USER CODE BEGIN EV */
  62:Src/stm32f1xx_it.c **** 
  63:Src/stm32f1xx_it.c **** /* USER CODE END EV */
  64:Src/stm32f1xx_it.c **** 
  65:Src/stm32f1xx_it.c **** /******************************************************************************/
  66:Src/stm32f1xx_it.c **** /*           Cortex-M3 Processor Interruption and Exception Handlers          */
  67:Src/stm32f1xx_it.c **** /******************************************************************************/
  68:Src/stm32f1xx_it.c **** /**
  69:Src/stm32f1xx_it.c ****   * @brief This function handles Non maskable interrupt.
  70:Src/stm32f1xx_it.c ****   */
  71:Src/stm32f1xx_it.c **** void NMI_Handler(void)
  72:Src/stm32f1xx_it.c **** {
  27              		.loc 1 72 1 view -0
  28              		.cfi_startproc
  29              		@ Volatile: function does not return.
  30              		@ args = 0, pretend = 0, frame = 0
  31              		@ frame_needed = 0, uses_anonymous_args = 0
  32              		@ link register save eliminated.
  33              	.L2:
  73:Src/stm32f1xx_it.c ****   /* USER CODE BEGIN NonMaskableInt_IRQn 0 */
  74:Src/stm32f1xx_it.c **** 
  75:Src/stm32f1xx_it.c ****   /* USER CODE END NonMaskableInt_IRQn 0 */
  76:Src/stm32f1xx_it.c ****   /* USER CODE BEGIN NonMaskableInt_IRQn 1 */
  77:Src/stm32f1xx_it.c ****   while (1)
  34              		.loc 1 77 3 discriminator 1 view .LVU1
  78:Src/stm32f1xx_it.c ****   {
  79:Src/stm32f1xx_it.c ****   }
  35              		.loc 1 79 3 discriminator 1 view .LVU2
  77:Src/stm32f1xx_it.c ****   {
ARM GAS  C:\Users\Abhinav\AppData\Local\Temp\ccjoA5zR.s 			page 3


  36              		.loc 1 77 9 discriminator 1 view .LVU3
  37 0000 FEE7     		b	.L2
  38              		.cfi_endproc
  39              	.LFE69:
  41              		.section	.text.HardFault_Handler,"ax",%progbits
  42              		.align	1
  43              		.global	HardFault_Handler
  44              		.syntax unified
  45              		.thumb
  46              		.thumb_func
  48              	HardFault_Handler:
  49              	.LFB70:
  80:Src/stm32f1xx_it.c ****   /* USER CODE END NonMaskableInt_IRQn 1 */
  81:Src/stm32f1xx_it.c **** }
  82:Src/stm32f1xx_it.c **** 
  83:Src/stm32f1xx_it.c **** /**
  84:Src/stm32f1xx_it.c ****   * @brief This function handles Hard fault interrupt.
  85:Src/stm32f1xx_it.c ****   */
  86:Src/stm32f1xx_it.c **** void HardFault_Handler(void)
  87:Src/stm32f1xx_it.c **** {
  50              		.loc 1 87 1 view -0
  51              		.cfi_startproc
  52              		@ Volatile: function does not return.
  53              		@ args = 0, pretend = 0, frame = 0
  54              		@ frame_needed = 0, uses_anonymous_args = 0
  55              		@ link register save eliminated.
  56              	.L4:
  88:Src/stm32f1xx_it.c ****   /* USER CODE BEGIN HardFault_IRQn 0 */
  89:Src/stm32f1xx_it.c **** 
  90:Src/stm32f1xx_it.c ****   /* USER CODE END HardFault_IRQn 0 */
  91:Src/stm32f1xx_it.c ****   while (1)
  57              		.loc 1 91 3 discriminator 1 view .LVU5
  92:Src/stm32f1xx_it.c ****   {
  93:Src/stm32f1xx_it.c ****     /* USER CODE BEGIN W1_HardFault_IRQn 0 */
  94:Src/stm32f1xx_it.c ****     /* USER CODE END W1_HardFault_IRQn 0 */
  95:Src/stm32f1xx_it.c ****   }
  58              		.loc 1 95 3 discriminator 1 view .LVU6
  91:Src/stm32f1xx_it.c ****   {
  59              		.loc 1 91 9 discriminator 1 view .LVU7
  60 0000 FEE7     		b	.L4
  61              		.cfi_endproc
  62              	.LFE70:
  64              		.section	.text.MemManage_Handler,"ax",%progbits
  65              		.align	1
  66              		.global	MemManage_Handler
  67              		.syntax unified
  68              		.thumb
  69              		.thumb_func
  71              	MemManage_Handler:
  72              	.LFB71:
  96:Src/stm32f1xx_it.c **** }
  97:Src/stm32f1xx_it.c **** 
  98:Src/stm32f1xx_it.c **** /**
  99:Src/stm32f1xx_it.c ****   * @brief This function handles Memory management fault.
 100:Src/stm32f1xx_it.c ****   */
 101:Src/stm32f1xx_it.c **** void MemManage_Handler(void)
 102:Src/stm32f1xx_it.c **** {
ARM GAS  C:\Users\Abhinav\AppData\Local\Temp\ccjoA5zR.s 			page 4


  73              		.loc 1 102 1 view -0
  74              		.cfi_startproc
  75              		@ Volatile: function does not return.
  76              		@ args = 0, pretend = 0, frame = 0
  77              		@ frame_needed = 0, uses_anonymous_args = 0
  78              		@ link register save eliminated.
  79              	.L6:
 103:Src/stm32f1xx_it.c ****   /* USER CODE BEGIN MemoryManagement_IRQn 0 */
 104:Src/stm32f1xx_it.c **** 
 105:Src/stm32f1xx_it.c ****   /* USER CODE END MemoryManagement_IRQn 0 */
 106:Src/stm32f1xx_it.c ****   while (1)
  80              		.loc 1 106 3 discriminator 1 view .LVU9
 107:Src/stm32f1xx_it.c ****   {
 108:Src/stm32f1xx_it.c ****     /* USER CODE BEGIN W1_MemoryManagement_IRQn 0 */
 109:Src/stm32f1xx_it.c ****     /* USER CODE END W1_MemoryManagement_IRQn 0 */
 110:Src/stm32f1xx_it.c ****   }
  81              		.loc 1 110 3 discriminator 1 view .LVU10
 106:Src/stm32f1xx_it.c ****   {
  82              		.loc 1 106 9 discriminator 1 view .LVU11
  83 0000 FEE7     		b	.L6
  84              		.cfi_endproc
  85              	.LFE71:
  87              		.section	.text.BusFault_Handler,"ax",%progbits
  88              		.align	1
  89              		.global	BusFault_Handler
  90              		.syntax unified
  91              		.thumb
  92              		.thumb_func
  94              	BusFault_Handler:
  95              	.LFB72:
 111:Src/stm32f1xx_it.c **** }
 112:Src/stm32f1xx_it.c **** 
 113:Src/stm32f1xx_it.c **** /**
 114:Src/stm32f1xx_it.c ****   * @brief This function handles Prefetch fault, memory access fault.
 115:Src/stm32f1xx_it.c ****   */
 116:Src/stm32f1xx_it.c **** void BusFault_Handler(void)
 117:Src/stm32f1xx_it.c **** {
  96              		.loc 1 117 1 view -0
  97              		.cfi_startproc
  98              		@ Volatile: function does not return.
  99              		@ args = 0, pretend = 0, frame = 0
 100              		@ frame_needed = 0, uses_anonymous_args = 0
 101              		@ link register save eliminated.
 102              	.L8:
 118:Src/stm32f1xx_it.c ****   /* USER CODE BEGIN BusFault_IRQn 0 */
 119:Src/stm32f1xx_it.c **** 
 120:Src/stm32f1xx_it.c ****   /* USER CODE END BusFault_IRQn 0 */
 121:Src/stm32f1xx_it.c ****   while (1)
 103              		.loc 1 121 3 discriminator 1 view .LVU13
 122:Src/stm32f1xx_it.c ****   {
 123:Src/stm32f1xx_it.c ****     /* USER CODE BEGIN W1_BusFault_IRQn 0 */
 124:Src/stm32f1xx_it.c ****     /* USER CODE END W1_BusFault_IRQn 0 */
 125:Src/stm32f1xx_it.c ****   }
 104              		.loc 1 125 3 discriminator 1 view .LVU14
 121:Src/stm32f1xx_it.c ****   {
 105              		.loc 1 121 9 discriminator 1 view .LVU15
 106 0000 FEE7     		b	.L8
ARM GAS  C:\Users\Abhinav\AppData\Local\Temp\ccjoA5zR.s 			page 5


 107              		.cfi_endproc
 108              	.LFE72:
 110              		.section	.text.UsageFault_Handler,"ax",%progbits
 111              		.align	1
 112              		.global	UsageFault_Handler
 113              		.syntax unified
 114              		.thumb
 115              		.thumb_func
 117              	UsageFault_Handler:
 118              	.LFB73:
 126:Src/stm32f1xx_it.c **** }
 127:Src/stm32f1xx_it.c **** 
 128:Src/stm32f1xx_it.c **** /**
 129:Src/stm32f1xx_it.c ****   * @brief This function handles Undefined instruction or illegal state.
 130:Src/stm32f1xx_it.c ****   */
 131:Src/stm32f1xx_it.c **** void UsageFault_Handler(void)
 132:Src/stm32f1xx_it.c **** {
 119              		.loc 1 132 1 view -0
 120              		.cfi_startproc
 121              		@ Volatile: function does not return.
 122              		@ args = 0, pretend = 0, frame = 0
 123              		@ frame_needed = 0, uses_anonymous_args = 0
 124              		@ link register save eliminated.
 125              	.L10:
 133:Src/stm32f1xx_it.c ****   /* USER CODE BEGIN UsageFault_IRQn 0 */
 134:Src/stm32f1xx_it.c **** 
 135:Src/stm32f1xx_it.c ****   /* USER CODE END UsageFault_IRQn 0 */
 136:Src/stm32f1xx_it.c ****   while (1)
 126              		.loc 1 136 3 discriminator 1 view .LVU17
 137:Src/stm32f1xx_it.c ****   {
 138:Src/stm32f1xx_it.c ****     /* USER CODE BEGIN W1_UsageFault_IRQn 0 */
 139:Src/stm32f1xx_it.c ****     /* USER CODE END W1_UsageFault_IRQn 0 */
 140:Src/stm32f1xx_it.c ****   }
 127              		.loc 1 140 3 discriminator 1 view .LVU18
 136:Src/stm32f1xx_it.c ****   {
 128              		.loc 1 136 9 discriminator 1 view .LVU19
 129 0000 FEE7     		b	.L10
 130              		.cfi_endproc
 131              	.LFE73:
 133              		.section	.text.DebugMon_Handler,"ax",%progbits
 134              		.align	1
 135              		.global	DebugMon_Handler
 136              		.syntax unified
 137              		.thumb
 138              		.thumb_func
 140              	DebugMon_Handler:
 141              	.LFB74:
 141:Src/stm32f1xx_it.c **** }
 142:Src/stm32f1xx_it.c **** 
 143:Src/stm32f1xx_it.c **** /**
 144:Src/stm32f1xx_it.c ****   * @brief This function handles Debug monitor.
 145:Src/stm32f1xx_it.c ****   */
 146:Src/stm32f1xx_it.c **** void DebugMon_Handler(void)
 147:Src/stm32f1xx_it.c **** {
 142              		.loc 1 147 1 view -0
 143              		.cfi_startproc
 144              		@ args = 0, pretend = 0, frame = 0
ARM GAS  C:\Users\Abhinav\AppData\Local\Temp\ccjoA5zR.s 			page 6


 145              		@ frame_needed = 0, uses_anonymous_args = 0
 146              		@ link register save eliminated.
 148:Src/stm32f1xx_it.c ****   /* USER CODE BEGIN DebugMonitor_IRQn 0 */
 149:Src/stm32f1xx_it.c **** 
 150:Src/stm32f1xx_it.c ****   /* USER CODE END DebugMonitor_IRQn 0 */
 151:Src/stm32f1xx_it.c ****   /* USER CODE BEGIN DebugMonitor_IRQn 1 */
 152:Src/stm32f1xx_it.c **** 
 153:Src/stm32f1xx_it.c ****   /* USER CODE END DebugMonitor_IRQn 1 */
 154:Src/stm32f1xx_it.c **** }
 147              		.loc 1 154 1 view .LVU21
 148 0000 7047     		bx	lr
 149              		.cfi_endproc
 150              	.LFE74:
 152              		.section	.text.SysTick_Handler,"ax",%progbits
 153              		.align	1
 154              		.global	SysTick_Handler
 155              		.syntax unified
 156              		.thumb
 157              		.thumb_func
 159              	SysTick_Handler:
 160              	.LFB75:
 155:Src/stm32f1xx_it.c **** 
 156:Src/stm32f1xx_it.c **** /**
 157:Src/stm32f1xx_it.c ****   * @brief This function handles System tick timer.
 158:Src/stm32f1xx_it.c ****   */
 159:Src/stm32f1xx_it.c **** void SysTick_Handler(void)
 160:Src/stm32f1xx_it.c **** {
 161              		.loc 1 160 1 view -0
 162              		.cfi_startproc
 163              		@ args = 0, pretend = 0, frame = 0
 164              		@ frame_needed = 0, uses_anonymous_args = 0
 165 0000 08B5     		push	{r3, lr}
 166              		.cfi_def_cfa_offset 8
 167              		.cfi_offset 3, -8
 168              		.cfi_offset 14, -4
 161:Src/stm32f1xx_it.c ****   /* USER CODE BEGIN SysTick_IRQn 0 */
 162:Src/stm32f1xx_it.c **** 
 163:Src/stm32f1xx_it.c ****   /* USER CODE END SysTick_IRQn 0 */
 164:Src/stm32f1xx_it.c ****   HAL_IncTick();
 169              		.loc 1 164 3 view .LVU23
 170 0002 FFF7FEFF 		bl	HAL_IncTick
 171              	.LVL0:
 165:Src/stm32f1xx_it.c **** #if (INCLUDE_xTaskGetSchedulerState == 1 )
 166:Src/stm32f1xx_it.c ****   if (xTaskGetSchedulerState() != taskSCHEDULER_NOT_STARTED)
 172              		.loc 1 166 3 view .LVU24
 173              		.loc 1 166 7 is_stmt 0 view .LVU25
 174 0006 FFF7FEFF 		bl	xTaskGetSchedulerState
 175              	.LVL1:
 176              		.loc 1 166 6 view .LVU26
 177 000a 0128     		cmp	r0, #1
 178 000c 00D1     		bne	.L15
 179              	.L12:
 167:Src/stm32f1xx_it.c ****   {
 168:Src/stm32f1xx_it.c **** #endif /* INCLUDE_xTaskGetSchedulerState */
 169:Src/stm32f1xx_it.c ****   xPortSysTickHandler();
 170:Src/stm32f1xx_it.c **** #if (INCLUDE_xTaskGetSchedulerState == 1 )
 171:Src/stm32f1xx_it.c ****   }
ARM GAS  C:\Users\Abhinav\AppData\Local\Temp\ccjoA5zR.s 			page 7


 172:Src/stm32f1xx_it.c **** #endif /* INCLUDE_xTaskGetSchedulerState */
 173:Src/stm32f1xx_it.c ****   /* USER CODE BEGIN SysTick_IRQn 1 */
 174:Src/stm32f1xx_it.c **** 
 175:Src/stm32f1xx_it.c ****   /* USER CODE END SysTick_IRQn 1 */
 176:Src/stm32f1xx_it.c **** }
 180              		.loc 1 176 1 view .LVU27
 181 000e 08BD     		pop	{r3, pc}
 182              	.L15:
 169:Src/stm32f1xx_it.c **** #if (INCLUDE_xTaskGetSchedulerState == 1 )
 183              		.loc 1 169 3 is_stmt 1 view .LVU28
 184 0010 FFF7FEFF 		bl	xPortSysTickHandler
 185              	.LVL2:
 186              		.loc 1 176 1 is_stmt 0 view .LVU29
 187 0014 FBE7     		b	.L12
 188              		.cfi_endproc
 189              	.LFE75:
 191              		.text
 192              	.Letext0:
 193              		.file 2 "Inc/FreeRTOSConfig.h"
 194              		.file 3 "Drivers/STM32F1xx_HAL_Driver/Inc/stm32f1xx_hal.h"
 195              		.file 4 "Middlewares/Third_Party/FreeRTOS/Source/portable/GCC/ARM_CM3/portmacro.h"
 196              		.file 5 "Middlewares/Third_Party/FreeRTOS/Source/include/task.h"
ARM GAS  C:\Users\Abhinav\AppData\Local\Temp\ccjoA5zR.s 			page 8


DEFINED SYMBOLS
                            *ABS*:00000000 stm32f1xx_it.c
C:\Users\Abhinav\AppData\Local\Temp\ccjoA5zR.s:19     .text.NMI_Handler:00000000 $t
C:\Users\Abhinav\AppData\Local\Temp\ccjoA5zR.s:25     .text.NMI_Handler:00000000 NMI_Handler
C:\Users\Abhinav\AppData\Local\Temp\ccjoA5zR.s:42     .text.HardFault_Handler:00000000 $t
C:\Users\Abhinav\AppData\Local\Temp\ccjoA5zR.s:48     .text.HardFault_Handler:00000000 HardFault_Handler
C:\Users\Abhinav\AppData\Local\Temp\ccjoA5zR.s:65     .text.MemManage_Handler:00000000 $t
C:\Users\Abhinav\AppData\Local\Temp\ccjoA5zR.s:71     .text.MemManage_Handler:00000000 MemManage_Handler
C:\Users\Abhinav\AppData\Local\Temp\ccjoA5zR.s:88     .text.BusFault_Handler:00000000 $t
C:\Users\Abhinav\AppData\Local\Temp\ccjoA5zR.s:94     .text.BusFault_Handler:00000000 BusFault_Handler
C:\Users\Abhinav\AppData\Local\Temp\ccjoA5zR.s:111    .text.UsageFault_Handler:00000000 $t
C:\Users\Abhinav\AppData\Local\Temp\ccjoA5zR.s:117    .text.UsageFault_Handler:00000000 UsageFault_Handler
C:\Users\Abhinav\AppData\Local\Temp\ccjoA5zR.s:134    .text.DebugMon_Handler:00000000 $t
C:\Users\Abhinav\AppData\Local\Temp\ccjoA5zR.s:140    .text.DebugMon_Handler:00000000 DebugMon_Handler
C:\Users\Abhinav\AppData\Local\Temp\ccjoA5zR.s:153    .text.SysTick_Handler:00000000 $t
C:\Users\Abhinav\AppData\Local\Temp\ccjoA5zR.s:159    .text.SysTick_Handler:00000000 SysTick_Handler

UNDEFINED SYMBOLS
HAL_IncTick
xTaskGetSchedulerState
xPortSysTickHandler
